Arguments: 
  /usr/local/bin/node /usr/local/bin/yarn install

PATH: 
  /usr/local/bin:/usr/bin:/bin:/usr/sbin:/sbin:/Library/Apple/usr/bin

Yarn version: 
  1.22.10

Node version: 
  12.19.0

Platform: 
  darwin x64

Trace: 
  SyntaxError: /Users/admin/Sites/frontend-team/webpack-boilerplate/package.json: Unexpected token } in JSON at position 909
      at JSON.parse (<anonymous>)
      at /usr/local/lib/node_modules/yarn/lib/cli.js:1625:59
      at Generator.next (<anonymous>)
      at step (/usr/local/lib/node_modules/yarn/lib/cli.js:310:30)
      at /usr/local/lib/node_modules/yarn/lib/cli.js:321:13

npm manifest: 
  {
    "name": "webpack-setup",
    "version": "1.0.0",
    "description": "",
    "main": "index.js",
    "scripts": {
      "dev": "webpack --mode development",
      "watch": "webpack --mode development --watch",
      "build": "webpack -p"
    },
    "keywords": [],
    "author": "",
    "license": "ISC",
    "devDependencies": {
      "@babel/core": "^7.6.4",
      "@babel/preset-env": "^7.6.3",
      "autoprefixer": "^9.7.1",
      "babel-loader": "^8.0.6",
      "css-loader": "^3.2.0",
      "file-loader": "^4.2.0",
      "mini-css-extract-plugin": "^0.8.0",
      "postcss-loader": "^3.0.0",
      "purgecss-webpack-plugin": "^1.6.0",
      "sass-loader": "^8.0.0",
      "webpack": "^4.41.2",
      "webpack-cli": "^3.3.9"
    },
    "browserslist": [
      "defaults",
      "not ie < 11",
      "last 2 versions",
      "> 1%",
      "iOS 7",
      "last 3 iOS versions"
    ],
    "dependencies": {
      "bootstrap": "^5.0.0-beta1",
      "node-sass": "^4.14.1",
    }
  }

yarn manifest: 
  No manifest

Lockfile: 
  No lockfile
